<?xml version="1.0" encoding="UTF-8"?>
<!-- Generated by org.testng.reporters.JUnitReportReporter -->
<testsuite hostname="DESKTOP-3QVFLTL" failures="0" tests="3" name="RestTesting_Trello.Trello" time="11.566" errors="0" timestamp="16 Mar 2022 09:15:56 GMT">
  <testcase classname="RestTesting_Trello.Trello" name="DeleteBoard" time="2.729"/>
  <testcase classname="RestTesting_Trello.Trello" name="getBoard" time="0.821"/>
  <testcase classname="RestTesting_Trello.Trello" name="createBoard" time="8.016"/>
</testsuite> <!-- RestTesting_Trello.Trello -->
