<?xml version="1.0" encoding="UTF-8"?>
<!-- Generated by org.testng.reporters.JUnitReportReporter -->
<testsuite hostname="DESKTOP-3QVFLTL" failures="0" tests="2" name="ecommerce.ecommerce" time="12.769" errors="0" timestamp="16 Mar 2022 11:02:49 GMT">
  <testcase classname="ecommerce.ecommerce" name="Login" time="9.762"/>
  <testcase classname="ecommerce.ecommerce" name="getUser" time="3.007"/>
</testsuite> <!-- ecommerce.ecommerce -->
